# JRE version: OpenJDK Runtime Environment (15.0+36) (build 15+36-1562)
# Java VM: OpenJDK 64-Bit Server VM (15+36-1562, mixed mode, tiered, compressed oops, g1 gc, windows-amd64)
GC Precious Log:
 CPUs: 2 total, 2 available
 Memory: 3927M
 Large Page Support: Disabled
 NUMA Support: Disabled
 Compressed Oops: Enabled (32-bit)
 Heap Region Size: 1M
 Heap Min Capacity: 8M
 Heap Initial Capacity: 62M
 Heap Max Capacity: 982M
 Pre-touch: Disabled
 Parallel Workers: 2
 Concurrent Workers: 1
 Concurrent Refinement Workers: 2
 Periodic GC: Disabled
Heap:
 garbage-first heap   total 68608K, used 37835K [0x00000000c2a00000, 0x0000000100000000)
  region size 1024K, 4 young (4096K), 3 survivors (3072K)
 Metaspace       used 74234K, capacity 75129K, committed 75312K, reserved 1114112K
  class space    used 9717K, capacity 10042K, committed 10112K, reserved 1048576K
GC Heap History (20 events):
Event: 51.755 GC heap before
{Heap before GC invocations=29 (full 0):
 garbage-first heap   total 48128K, used 37818K [0x00000000c2a00000, 0x0000000100000000)
  region size 1024K, 16 young (16384K), 3 survivors (3072K)
 Metaspace       used 55671K, capacity 56200K, committed 56496K, reserved 1097728K
  class space    used 7164K, capacity 7353K, committed 7424K, reserved 1048576K
}
Event: 51.771 GC heap after
{Heap after GC invocations=30 (full 0):
 garbage-first heap   total 48128K, used 25458K [0x00000000c2a00000, 0x0000000100000000)
  region size 1024K, 1 young (1024K), 1 survivors (1024K)
 Metaspace       used 55671K, capacity 56200K, committed 56496K, reserved 1097728K
  class space    used 7164K, capacity 7353K, committed 7424K, reserved 1048576K
}
Event: 54.881 GC heap before
{Heap before GC invocations=31 (full 0):
 garbage-first heap   total 48128K, used 38770K [0x00000000c2a00000, 0x0000000100000000)
  region size 1024K, 14 young (14336K), 1 survivors (1024K)
 Metaspace       used 58366K, capacity 58991K, committed 59056K, reserved 1099776K
  class space    used 7675K, capacity 7875K, committed 7936K, reserved 1048576K
}
Event: 54.894 GC heap after
{Heap after GC invocations=32 (full 0):
 garbage-first heap   total 59392K, used 25752K [0x00000000c2a00000, 0x0000000100000000)
  region size 1024K, 2 young (2048K), 2 survivors (2048K)
 Metaspace       used 58366K, capacity 58991K, committed 59056K, reserved 1099776K
  class space    used 7675K, capacity 7875K, committed 7936K, reserved 1048576K
}
Event: 60.247 GC heap before
{Heap before GC invocations=32 (full 0):
 garbage-first heap   total 59392K, used 46232K [0x00000000c2a00000, 0x0000000100000000)
  region size 1024K, 22 young (22528K), 2 survivors (2048K)
 Metaspace       used 61179K, capacity 61732K, committed 62000K, reserved 1103872K
  class space    used 8046K, capacity 8232K, committed 8320K, reserved 1048576K
}
Event: 60.263 GC heap after
{Heap after GC invocations=33 (full 0):
 garbage-first heap   total 59392K, used 27368K [0x00000000c2a00000, 0x0000000100000000)
  region size 1024K, 3 young (3072K), 3 survivors (3072K)
 Metaspace       used 61179K, capacity 61732K, committed 62000K, reserved 1103872K
  class space    used 8046K, capacity 8232K, committed 8320K, reserved 1048576K
}
Event: 71.304 GC heap before
{Heap before GC invocations=33 (full 0):
 garbage-first heap   total 59392K, used 46824K [0x00000000c2a00000, 0x0000000100000000)
  region size 1024K, 22 young (22528K), 3 survivors (3072K)
 Metaspace       used 63373K, capacity 64047K, committed 64304K, reserved 1105920K
  class space    used 8311K, capacity 8503K, committed 8576K, reserved 1048576K
}
Event: 71.324 GC heap after
{Heap after GC invocations=34 (full 0):
 garbage-first heap   total 59392K, used 28209K [0x00000000c2a00000, 0x0000000100000000)
  region size 1024K, 1 young (1024K), 1 survivors (1024K)
 Metaspace       used 63373K, capacity 64047K, committed 64304K, reserved 1105920K
  class space    used 8311K, capacity 8503K, committed 8576K, reserved 1048576K
}
Event: 79.668 GC heap before
{Heap before GC invocations=34 (full 0):
 garbage-first heap   total 59392K, used 48689K [0x00000000c2a00000, 0x0000000100000000)
  region size 1024K, 21 young (21504K), 1 survivors (1024K)
 Metaspace       used 65433K, capacity 66038K, committed 66096K, reserved 1105920K
  class space    used 8624K, capacity 8799K, committed 8832K, reserved 1048576K
}
Event: 79.708 GC heap after
{Heap after GC invocations=35 (full 0):
 garbage-first heap   total 59392K, used 29706K [0x00000000c2a00000, 0x0000000100000000)
  region size 1024K, 3 young (3072K), 3 survivors (3072K)
 Metaspace       used 65433K, capacity 66038K, committed 66096K, reserved 1105920K
  class space    used 8624K, capacity 8799K, committed 8832K, reserved 1048576K
}
Event: 81.947 GC heap before
{Heap before GC invocations=36 (full 0):
 garbage-first heap   total 59392K, used 48138K [0x00000000c2a00000, 0x0000000100000000)
  region size 1024K, 21 young (21504K), 3 survivors (3072K)
 Metaspace       used 67224K, capacity 67870K, committed 68016K, reserved 1107968K
  class space    used 8882K, capacity 9109K, committed 9216K, reserved 1048576K
}
Event: 81.966 GC heap after
{Heap after GC invocations=37 (full 0):
 garbage-first heap   total 59392K, used 31360K [0x00000000c2a00000, 0x0000000100000000)
  region size 1024K, 2 young (2048K), 2 survivors (2048K)
 Metaspace       used 67224K, capacity 67870K, committed 68016K, reserved 1107968K
  class space    used 8882K, capacity 9109K, committed 9216K, reserved 1048576K
}
Event: 99.184 GC heap before
{Heap before GC invocations=37 (full 0):
 garbage-first heap   total 59392K, used 46720K [0x00000000c2a00000, 0x0000000100000000)
  region size 1024K, 18 young (18432K), 2 survivors (2048K)
 Metaspace       used 69350K, capacity 70016K, committed 70320K, reserved 1110016K
  class space    used 9151K, capacity 9349K, committed 9472K, reserved 1048576K
}
Event: 99.209 GC heap after
{Heap after GC invocations=38 (full 0):
 garbage-first heap   total 59392K, used 32607K [0x00000000c2a00000, 0x0000000100000000)
  region size 1024K, 2 young (2048K), 2 survivors (2048K)
 Metaspace       used 69350K, capacity 70016K, committed 70320K, reserved 1110016K
  class space    used 9151K, capacity 9349K, committed 9472K, reserved 1048576K
}
Event: 101.477 GC heap before
{Heap before GC invocations=39 (full 0):
 garbage-first heap   total 59392K, used 38751K [0x00000000c2a00000, 0x0000000100000000)
  region size 1024K, 10 young (10240K), 2 survivors (2048K)
 Metaspace       used 70562K, capacity 71217K, committed 71472K, reserved 1112064K
  class space    used 9328K, capacity 9539K, committed 9600K, reserved 1048576K
}
Event: 101.503 GC heap after
{Heap after GC invocations=40 (full 0):
 garbage-first heap   total 59392K, used 33550K [0x00000000c2a00000, 0x0000000100000000)
  region size 1024K, 3 young (3072K), 3 survivors (3072K)
 Metaspace       used 70562K, capacity 71217K, committed 71472K, reserved 1112064K
  class space    used 9328K, capacity 9539K, committed 9600K, reserved 1048576K
}
Event: 106.395 GC heap before
{Heap before GC invocations=41 (full 0):
 garbage-first heap   total 65536K, used 48910K [0x00000000c2a00000, 0x0000000100000000)
  region size 1024K, 16 young (16384K), 3 survivors (3072K)
 Metaspace       used 73106K, capacity 73749K, committed 74032K, reserved 1114112K
  class space    used 9531K, capacity 9741K, committed 9856K, reserved 1048576K
}
Event: 106.437 GC heap after
{Heap after GC invocations=42 (full 0):
 garbage-first heap   total 65536K, used 35424K [0x00000000c2a00000, 0x0000000100000000)
  region size 1024K, 2 young (2048K), 2 survivors (2048K)
 Metaspace       used 73106K, capacity 73749K, committed 74032K, reserved 1114112K
  class space    used 9531K, capacity 9741K, committed 9856K, reserved 1048576K
}
Event: 113.360 GC heap before
{Heap before GC invocations=42 (full 0):
 garbage-first heap   total 65536K, used 51808K [0x00000000c2a00000, 0x0000000100000000)
  region size 1024K, 18 young (18432K), 2 survivors (2048K)
 Metaspace       used 74206K, capacity 75097K, committed 75312K, reserved 1114112K
  class space    used 9710K, capacity 10032K, committed 10112K, reserved 1048576K
}
Event: 113.377 GC heap after
{Heap after GC invocations=43 (full 0):
 garbage-first heap   total 65536K, used 37835K [0x00000000c2a00000, 0x0000000100000000)
  region size 1024K, 3 young (3072K), 3 survivors (3072K)
 Metaspace       used 74206K, capacity 75097K, committed 75312K, reserved 1114112K
  class space    used 9710K, capacity 10032K, committed 10112K, reserved 1048576K
}

